<?xml version="1.0" encoding="UTF-8"?>
<!-- Generated by org.testng.reporters.JUnitXMLReporter -->
<testsuite ignored="4" hostname="LTIN266153" failures="0" tests="21" name="CHROME" time="470.173" errors="0" timestamp="2024-03-25T12:38:57 IST">
  <testcase classname="testCase.TC_001_CourseTest" name="validate_home_page" time="0.94"/>
  <testcase classname="testCase.TC_001_CourseTest" name="validate_course_search" time="49.294"/>
  <testcase classname="testCase.TC_001_CourseTest" name="validate_language" time="4.546"/>
  <testcase classname="testCase.TC_001_CourseTest" name="validate_level" time="5.149"/>
  <testcase classname="testCase.TC_001_CourseTest" name="validate_course1" time="54.709"/>
  <testcase classname="testCase.TC_001_CourseTest" name="validate_course2" time="51.801"/>
  <testcase classname="testCase.TC_002_Languagele" name="validate_language_learning_search" time="5.862"/>
  <testcase classname="testCase.TC_002_Languagele" name="validate_language" time="5.42"/>
  <testcase classname="testCase.TC_002_Languagele" name="validate_level" time="1.308"/>
  <testcase classname="testCase.TC_003_FillingFormTest" name="verify_coursera_page" time="127.272"/>
  <testcase classname="testCase.TC_003_FillingFormTest" name="verify_enterprise_page" time="0.45"/>
  <testcase classname="testCase.TC_003_FillingFormTest" name="validate_first_name" time="1.08"/>
  <testcase classname="testCase.TC_003_FillingFormTest" name="validate_last_name" time="0.462"/>
  <testcase classname="testCase.TC_003_FillingFormTest" name="email" time="0.759"/>
  <testcase classname="testCase.TC_003_FillingFormTest" name="validate_institution_type" time="2.1"/>
  <testcase classname="testCase.TC_003_FillingFormTest" name="validate_institution_name" time="0.603"/>
  <testcase classname="testCase.TC_003_FillingFormTest" name="validate_job_role" time="1.425"/>
  <testcase classname="testCase.TC_003_FillingFormTest" name="validate_department" time="7.016"/>
  <testcase classname="testCase.TC_003_FillingFormTest" name="validate_description" time="4.121"/>
  <testcase classname="testCase.TC_003_FillingFormTest" name="validate_country" time="60.731"/>
  <testcase classname="testCase.TC_003_FillingFormTest" name="validate_input" time="4.162"/>
  <testcase classname="testbase.BaseClass" name="@BeforeTest setUp" time="0.0">
    <ignored/>
  </testcase> <!-- @BeforeTest setUp -->
  <testcase classname="testbase.BaseClass" name="@AfterTest tearDown" time="0.0">
    <ignored/>
  </testcase> <!-- @AfterTest tearDown -->
  <testcase classname="testbase.BaseClass" name="@BeforeTest setUp" time="0.0">
    <ignored/>
  </testcase> <!-- @BeforeTest setUp -->
  <testcase classname="testbase.BaseClass" name="@AfterTest tearDown" time="0.0">
    <ignored/>
  </testcase> <!-- @AfterTest tearDown -->
</testsuite> <!-- CHROME -->
