<?xml version="1.0" encoding="UTF-8"?>
<!-- Generated by org.testng.reporters.JUnitXMLReporter -->
<testsuite ignored="4" hostname="LTIN266153" failures="0" tests="21" name="Edge" time="505.654" errors="0" timestamp="2024-03-20T12:28:32 IST">
  <testcase classname="testCase.TC_001_CourseTest" name="validate_home_page" time="0.15"/>
  <testcase classname="testCase.TC_001_CourseTest" name="validate_course_search" time="100.618"/>
  <testcase classname="testCase.TC_001_CourseTest" name="validate_language" time="4.655"/>
  <testcase classname="testCase.TC_001_CourseTest" name="validate_level" time="4.837"/>
  <testcase classname="testCase.TC_001_CourseTest" name="validate_course1" time="52.206"/>
  <testcase classname="testCase.TC_001_CourseTest" name="validate_course2" time="50.479"/>
  <testcase classname="testCase.TC_002_Languagele" name="validate_language_learning_search" time="4.475"/>
  <testcase classname="testCase.TC_002_Languagele" name="validate_language" time="3.528"/>
  <testcase classname="testCase.TC_002_Languagele" name="validate_level" time="0.974"/>
  <testcase classname="testCase.TC_003_FillingFormTest" name="verify_coursera_page" time="125.472"/>
  <testcase classname="testCase.TC_003_FillingFormTest" name="verify_enterprise_page" time="0.299"/>
  <testcase classname="testCase.TC_003_FillingFormTest" name="validate_first_name" time="0.606"/>
  <testcase classname="testCase.TC_003_FillingFormTest" name="validate_last_name" time="0.451"/>
  <testcase classname="testCase.TC_003_FillingFormTest" name="email" time="0.641"/>
  <testcase classname="testCase.TC_003_FillingFormTest" name="validate_institution_type" time="0.762"/>
  <testcase classname="testCase.TC_003_FillingFormTest" name="validate_institution_name" time="0.574"/>
  <testcase classname="testCase.TC_003_FillingFormTest" name="validate_job_role" time="1.049"/>
  <testcase classname="testCase.TC_003_FillingFormTest" name="validate_department" time="6.801"/>
  <testcase classname="testCase.TC_003_FillingFormTest" name="validate_description" time="3.743"/>
  <testcase classname="testCase.TC_003_FillingFormTest" name="validate_country" time="60.847"/>
  <testcase classname="testCase.TC_003_FillingFormTest" name="validate_input" time="4.513"/>
  <testcase classname="testbase.BaseClass" name="@BeforeTest setUp" time="0.0">
    <ignored/>
  </testcase> <!-- @BeforeTest setUp -->
  <testcase classname="testbase.BaseClass" name="@BeforeTest setUp" time="0.0">
    <ignored/>
  </testcase> <!-- @BeforeTest setUp -->
  <testcase classname="testbase.BaseClass" name="@AfterTest tearDown" time="0.0">
    <ignored/>
  </testcase> <!-- @AfterTest tearDown -->
  <testcase classname="testbase.BaseClass" name="@AfterTest tearDown" time="0.0">
    <ignored/>
  </testcase> <!-- @AfterTest tearDown -->
</testsuite> <!-- Edge -->
